This file contains any messages produced by compilers while
running configure, to aid debugging if configure makes a mistake.

It was created by libenet configure 1.3.3, which was
generated by GNU Autoconf 2.65.  Invocation command line was

  $ ./configure --no-create --no-recursion

## --------- ##
## Platform. ##
## --------- ##

hostname = ubuntu
uname -m = i686
uname -r = 2.6.32-33-generic
uname -s = Linux
uname -v = #72-Ubuntu SMP Fri Jul 29 21:08:37 UTC 2011

/usr/bin/uname -p = unknown
/bin/uname -X     = unknown

/bin/arch              = unknown
/usr/bin/arch -k       = unknown
/usr/convex/getsysinfo = unknown
/usr/bin/hostinfo      = unknown
/bin/machine           = unknown
/usr/bin/oslevel       = unknown
/bin/universe          = unknown

PATH: /usr/local/sbin
PATH: /usr/local/bin
PATH: /usr/sbin
PATH: /usr/bin
PATH: /sbin
PATH: /bin
PATH: /usr/games
PATH: /usr/local/arm-none-linux-gnueabi-4.4.0_ARMv5TE/bin/


## ----------- ##
## Core tests. ##
## ----------- ##

configure:2358: checking for a BSD-compatible install
configure:2426: result: /usr/bin/install -c
configure:2437: checking whether build environment is sane
configure:2487: result: yes
configure:2628: checking for a thread-safe mkdir -p
configure:2667: result: /bin/mkdir -p
configure:2680: checking for gawk
configure:2696: found /usr/bin/gawk
configure:2707: result: gawk
configure:2718: checking whether make sets $(MAKE)
configure:2740: result: yes
configure:2871: checking for gcc
configure:2887: found /usr/bin/gcc
configure:2898: result: gcc
configure:3127: checking for C compiler version
configure:3136: gcc --version >&5
gcc (Ubuntu 4.4.3-4ubuntu5) 4.4.3
Copyright (C) 2009 Free Software Foundation, Inc.
This is free software; see the source for copying conditions.  There is NO
warranty; not even for MERCHANTABILITY or FITNESS FOR A PARTICULAR PURPOSE.

configure:3147: $? = 0
configure:3136: gcc -v >&5
Using built-in specs.
Target: i486-linux-gnu
Configured with: ../src/configure -v --with-pkgversion='Ubuntu 4.4.3-4ubuntu5' --with-bugurl=file:///usr/share/doc/gcc-4.4/README.Bugs --enable-languages=c,c++,fortran,objc,obj-c++ --prefix=/usr --enable-shared --enable-multiarch --enable-linker-build-id --with-system-zlib --libexecdir=/usr/lib --without-included-gettext --enable-threads=posix --with-gxx-include-dir=/usr/include/c++/4.4 --program-suffix=-4.4 --enable-nls --enable-clocale=gnu --enable-libstdcxx-debug --enable-plugin --enable-objc-gc --enable-targets=all --disable-werror --with-arch-32=i486 --with-tune=generic --enable-checking=release --build=i486-linux-gnu --host=i486-linux-gnu --target=i486-linux-gnu
Thread model: posix
gcc version 4.4.3 (Ubuntu 4.4.3-4ubuntu5) 
configure:3147: $? = 0
configure:3136: gcc -V >&5
gcc: '-V' option must have argument
configure:3147: $? = 1
configure:3136: gcc -qversion >&5
gcc: unrecognized option '-qversion'
gcc: no input files
configure:3147: $? = 1
configure:3167: checking whether the C compiler works
configure:3189: gcc    conftest.c  >&5
configure:3193: $? = 0
configure:3242: result: yes
configure:3245: checking for C compiler default output file name
configure:3247: result: a.out
configure:3253: checking for suffix of executables
configure:3260: gcc -o conftest    conftest.c  >&5
configure:3264: $? = 0
configure:3286: result: 
configure:3308: checking whether we are cross compiling
configure:3316: gcc -o conftest    conftest.c  >&5
configure:3320: $? = 0
configure:3327: ./conftest
configure:3331: $? = 0
configure:3346: result: no
configure:3351: checking for suffix of object files
configure:3373: gcc -c   conftest.c >&5
configure:3377: $? = 0
configure:3398: result: o
configure:3402: checking whether we are using the GNU C compiler
configure:3421: gcc -c   conftest.c >&5
configure:3421: $? = 0
configure:3430: result: yes
configure:3439: checking whether gcc accepts -g
configure:3459: gcc -c -g  conftest.c >&5
configure:3459: $? = 0
configure:3500: result: yes
configure:3517: checking for gcc option to accept ISO C89
configure:3581: gcc  -c -g -O2  conftest.c >&5
configure:3581: $? = 0
configure:3594: result: none needed
configure:3625: checking for style of include used by make
configure:3653: result: GNU
configure:3678: checking dependency style of gcc
configure:3788: result: gcc3
configure:3832: checking build system type
configure:3846: result: i686-pc-linux-gnu
configure:3866: checking host system type
configure:3879: result: i686-pc-linux-gnu
configure:3899: checking for a sed that does not truncate output
configure:3963: result: /bin/sed
configure:3981: checking for grep that handles long lines and -e
configure:4039: result: /bin/grep
configure:4044: checking for egrep
configure:4106: result: /bin/grep -E
configure:4111: checking for fgrep
configure:4173: result: /bin/grep -F
configure:4208: checking for ld used by gcc
configure:4275: result: /usr/bin/ld
configure:4282: checking if the linker (/usr/bin/ld) is GNU ld
configure:4297: result: yes
configure:4309: checking for BSD- or MS-compatible name lister (nm)
configure:4358: result: /usr/bin/nm -B
configure:4476: checking the name lister (/usr/bin/nm -B) interface
configure:4483: gcc -c -g -O2  conftest.c >&5
configure:4486: /usr/bin/nm -B "conftest.o"
configure:4489: output
00000000 B some_variable
configure:4496: result: BSD nm
configure:4499: checking whether ln -s works
configure:4503: result: yes
configure:4511: checking the maximum length of command line arguments
configure:4631: result: 805306365
configure:4648: checking whether the shell understands some XSI constructs
configure:4658: result: yes
configure:4662: checking whether the shell understands "+="
configure:4668: result: yes
configure:4703: checking for /usr/bin/ld option to reload object files
configure:4710: result: -r
configure:4779: checking for objdump
configure:4795: found /usr/bin/objdump
configure:4806: result: objdump
configure:4838: checking how to recognize dependent libraries
configure:5034: result: pass_all
configure:5094: checking for ar
configure:5110: found /usr/bin/ar
configure:5121: result: ar
configure:5199: checking for strip
configure:5215: found /usr/bin/strip
configure:5226: result: strip
configure:5298: checking for ranlib
configure:5314: found /usr/bin/ranlib
configure:5325: result: ranlib
configure:5415: checking command to parse /usr/bin/nm -B output from gcc object
configure:5533: gcc -c -g -O2  conftest.c >&5
configure:5536: $? = 0
configure:5540: /usr/bin/nm -B conftest.o \| sed -n -e 's/^.*[	 ]\([ABCDGIRSTW][ABCDGIRSTW]*\)[	 ][	 ]*\([_A-Za-z][_A-Za-z0-9]*\)$/\1 \2 \2/p' \> conftest.nm
configure:5543: $? = 0
configure:5597: gcc -o conftest -g -O2   conftest.c conftstm.o >&5
configure:5600: $? = 0
configure:5638: result: ok
configure:6447: checking how to run the C preprocessor
configure:6478: gcc -E  conftest.c
configure:6478: $? = 0
configure:6492: gcc -E  conftest.c
conftest.c:11:28: error: ac_nonexistent.h: No such file or directory
configure:6492: $? = 1
configure: failed program was:
| /* confdefs.h */
| #define PACKAGE_NAME "libenet"
| #define PACKAGE_TARNAME "libenet"
| #define PACKAGE_VERSION "1.3.3"
| #define PACKAGE_STRING "libenet 1.3.3"
| #define PACKAGE_BUGREPORT ""
| #define PACKAGE_URL ""
| #define PACKAGE "libenet"
| #define VERSION "1.3.3"
| /* end confdefs.h.  */
| #include <ac_nonexistent.h>
configure:6517: result: gcc -E
configure:6537: gcc -E  conftest.c
configure:6537: $? = 0
configure:6551: gcc -E  conftest.c
conftest.c:11:28: error: ac_nonexistent.h: No such file or directory
configure:6551: $? = 1
configure: failed program was:
| /* confdefs.h */
| #define PACKAGE_NAME "libenet"
| #define PACKAGE_TARNAME "libenet"
| #define PACKAGE_VERSION "1.3.3"
| #define PACKAGE_STRING "libenet 1.3.3"
| #define PACKAGE_BUGREPORT ""
| #define PACKAGE_URL ""
| #define PACKAGE "libenet"
| #define VERSION "1.3.3"
| /* end confdefs.h.  */
| #include <ac_nonexistent.h>
configure:6580: checking for ANSI C header files
configure:6600: gcc -c -g -O2  conftest.c >&5
configure:6600: $? = 0
configure:6673: gcc -o conftest -g -O2   conftest.c  >&5
configure:6673: $? = 0
configure:6673: ./conftest
configure:6673: $? = 0
configure:6684: result: yes
configure:6697: checking for sys/types.h
configure:6697: gcc -c -g -O2  conftest.c >&5
configure:6697: $? = 0
configure:6697: result: yes
configure:6697: checking for sys/stat.h
configure:6697: gcc -c -g -O2  conftest.c >&5
configure:6697: $? = 0
configure:6697: result: yes
configure:6697: checking for stdlib.h
configure:6697: gcc -c -g -O2  conftest.c >&5
configure:6697: $? = 0
configure:6697: result: yes
configure:6697: checking for string.h
configure:6697: gcc -c -g -O2  conftest.c >&5
configure:6697: $? = 0
configure:6697: result: yes
configure:6697: checking for memory.h
configure:6697: gcc -c -g -O2  conftest.c >&5
configure:6697: $? = 0
configure:6697: result: yes
configure:6697: checking for strings.h
configure:6697: gcc -c -g -O2  conftest.c >&5
configure:6697: $? = 0
configure:6697: result: yes
configure:6697: checking for inttypes.h
configure:6697: gcc -c -g -O2  conftest.c >&5
configure:6697: $? = 0
configure:6697: result: yes
configure:6697: checking for stdint.h
configure:6697: gcc -c -g -O2  conftest.c >&5
configure:6697: $? = 0
configure:6697: result: yes
configure:6697: checking for unistd.h
configure:6697: gcc -c -g -O2  conftest.c >&5
configure:6697: $? = 0
configure:6697: result: yes
configure:6712: checking for dlfcn.h
configure:6712: gcc -c -g -O2  conftest.c >&5
configure:6712: $? = 0
configure:6712: result: yes
configure:6896: checking for objdir
configure:6911: result: .libs
configure:7207: checking if gcc supports -fno-rtti -fno-exceptions
configure:7225: gcc -c -g -O2  -fno-rtti -fno-exceptions conftest.c >&5
cc1: warning: command line option "-fno-rtti" is valid for C++/ObjC++ but not for C
configure:7229: $? = 0
configure:7242: result: no
configure:7262: checking for gcc option to produce PIC
configure:7534: result: -fPIC -DPIC
configure:7546: checking if gcc PIC flag -fPIC -DPIC works
configure:7564: gcc -c -g -O2  -fPIC -DPIC -DPIC conftest.c >&5
configure:7568: $? = 0
configure:7581: result: yes
configure:7605: checking if gcc static flag -static works
configure:7633: result: yes
configure:7648: checking if gcc supports -c -o file.o
configure:7669: gcc -c -g -O2  -o out/conftest2.o conftest.c >&5
configure:7673: $? = 0
configure:7695: result: yes
configure:7703: checking if gcc supports -c -o file.o
configure:7750: result: yes
configure:7783: checking whether the gcc linker (/usr/bin/ld) supports shared libraries
configure:8774: result: yes
configure:8811: checking whether -lc should be explicitly linked in
configure:8816: gcc -c -g -O2  conftest.c >&5
configure:8819: $? = 0
configure:8834: gcc -shared conftest.o  -v -Wl,-soname -Wl,conftest -o conftest 2\>\&1 \| /bin/grep  -lc  \>/dev/null 2\>\&1
configure:8837: $? = 0
configure:8849: result: no
configure:9013: checking dynamic linker characteristics
configure:9446: gcc -o conftest -g -O2   -Wl,-rpath -Wl,/foo conftest.c  >&5
configure:9446: $? = 0
configure:9676: result: GNU/Linux ld.so
configure:9778: checking how to hardcode library paths into programs
configure:9803: result: immediate
configure:10323: checking whether stripping libraries is possible
configure:10328: result: yes
configure:10363: checking if libtool supports shared libraries
configure:10365: result: yes
configure:10368: checking whether to build shared libraries
configure:10389: result: yes
configure:10392: checking whether to build static libraries
configure:10396: result: yes
configure:10432: checking for gethostbyaddr_r
configure:10432: gcc -o conftest -g -O2   conftest.c  >&5
configure:10432: $? = 0
configure:10432: result: yes
configure:10438: checking for gethostbyname_r
configure:10438: gcc -o conftest -g -O2   conftest.c  >&5
configure:10438: $? = 0
configure:10438: result: yes
configure:10444: checking for poll
configure:10444: gcc -o conftest -g -O2   conftest.c  >&5
configure:10444: $? = 0
configure:10444: result: yes
configure:10450: checking for fcntl
configure:10450: gcc -o conftest -g -O2   conftest.c  >&5
configure:10450: $? = 0
configure:10450: result: yes
configure:10456: checking for inet_pton
configure:10456: gcc -o conftest -g -O2   conftest.c  >&5
configure:10456: $? = 0
configure:10456: result: yes
configure:10462: checking for inet_ntop
configure:10462: gcc -o conftest -g -O2   conftest.c  >&5
configure:10462: $? = 0
configure:10462: result: yes
configure:10469: checking for struct msghdr.msg_flags
configure:10469: gcc -c -g -O2  conftest.c >&5
configure:10469: $? = 0
configure:10469: result: yes
configure:10477: checking for socklen_t
configure:10477: gcc -c -g -O2  conftest.c >&5
configure:10477: $? = 0
configure:10477: gcc -c -g -O2  conftest.c >&5
conftest.c: In function 'main':
conftest.c:37: error: expected expression before ')' token
configure:10477: $? = 1
configure: failed program was:
| /* confdefs.h */
| #define PACKAGE_NAME "libenet"
| #define PACKAGE_TARNAME "libenet"
| #define PACKAGE_VERSION "1.3.3"
| #define PACKAGE_STRING "libenet 1.3.3"
| #define PACKAGE_BUGREPORT ""
| #define PACKAGE_URL ""
| #define PACKAGE "libenet"
| #define VERSION "1.3.3"
| #define STDC_HEADERS 1
| #define HAVE_SYS_TYPES_H 1
| #define HAVE_SYS_STAT_H 1
| #define HAVE_STDLIB_H 1
| #define HAVE_STRING_H 1
| #define HAVE_MEMORY_H 1
| #define HAVE_STRINGS_H 1
| #define HAVE_INTTYPES_H 1
| #define HAVE_STDINT_H 1
| #define HAVE_UNISTD_H 1
| #define HAVE_DLFCN_H 1
| #define LT_OBJDIR ".libs/"
| #define HAS_GETHOSTBYADDR_R 1
| #define HAS_GETHOSTBYNAME_R 1
| #define HAS_POLL 1
| #define HAS_FCNTL 1
| #define HAS_INET_PTON 1
| #define HAS_INET_NTOP 1
| #define HAS_MSGHDR_FLAGS 1
| /* end confdefs.h.  */
| #include <sys/types.h>
|               #include <sys/socket.h>
| 
| 
| int
| main ()
| {
| if (sizeof ((socklen_t)))
| 	    return 0;
|   ;
|   return 0;
| }
configure:10477: result: yes
conftest.c:31:20: error: socket.h: No such file or directory
configure:10668: creating ./config.status

## ---------------- ##
## Cache variables. ##
## ---------------- ##

ac_cv_build=i686-pc-linux-gnu
ac_cv_c_compiler_gnu=yes
ac_cv_env_CC_set=
ac_cv_env_CC_value=
ac_cv_env_CFLAGS_set=
ac_cv_env_CFLAGS_value=
ac_cv_env_CPPFLAGS_set=
ac_cv_env_CPPFLAGS_value=
ac_cv_env_CPP_set=
ac_cv_env_CPP_value=
ac_cv_env_LDFLAGS_set=
ac_cv_env_LDFLAGS_value=
ac_cv_env_LIBS_set=
ac_cv_env_LIBS_value=
ac_cv_env_build_alias_set=
ac_cv_env_build_alias_value=
ac_cv_env_host_alias_set=
ac_cv_env_host_alias_value=
ac_cv_env_target_alias_set=
ac_cv_env_target_alias_value=
ac_cv_func_fcntl=yes
ac_cv_func_gethostbyaddr_r=yes
ac_cv_func_gethostbyname_r=yes
ac_cv_func_inet_ntop=yes
ac_cv_func_inet_pton=yes
ac_cv_func_poll=yes
ac_cv_header_dlfcn_h=yes
ac_cv_header_inttypes_h=yes
ac_cv_header_memory_h=yes
ac_cv_header_stdc=yes
ac_cv_header_stdint_h=yes
ac_cv_header_stdlib_h=yes
ac_cv_header_string_h=yes
ac_cv_header_strings_h=yes
ac_cv_header_sys_stat_h=yes
ac_cv_header_sys_types_h=yes
ac_cv_header_unistd_h=yes
ac_cv_host=i686-pc-linux-gnu
ac_cv_member_struct_msghdr_msg_flags=yes
ac_cv_objext=o
ac_cv_path_EGREP='/bin/grep -E'
ac_cv_path_FGREP='/bin/grep -F'
ac_cv_path_GREP=/bin/grep
ac_cv_path_SED=/bin/sed
ac_cv_path_install='/usr/bin/install -c'
ac_cv_path_mkdir=/bin/mkdir
ac_cv_prog_AWK=gawk
ac_cv_prog_CPP='gcc -E'
ac_cv_prog_ac_ct_AR=ar
ac_cv_prog_ac_ct_CC=gcc
ac_cv_prog_ac_ct_OBJDUMP=objdump
ac_cv_prog_ac_ct_RANLIB=ranlib
ac_cv_prog_ac_ct_STRIP=strip
ac_cv_prog_cc_c89=
ac_cv_prog_cc_g=yes
ac_cv_prog_make_make_set=yes
ac_cv_type_socklen_t=yes
am_cv_CC_dependencies_compiler_type=gcc3
lt_cv_deplibs_check_method=pass_all
lt_cv_file_magic_cmd='$MAGIC_CMD'
lt_cv_file_magic_test_file=
lt_cv_ld_reload_flag=-r
lt_cv_nm_interface='BSD nm'
lt_cv_objdir=.libs
lt_cv_path_LD=/usr/bin/ld
lt_cv_path_NM='/usr/bin/nm -B'
lt_cv_prog_compiler_c_o=yes
lt_cv_prog_compiler_pic_works=yes
lt_cv_prog_compiler_rtti_exceptions=no
lt_cv_prog_compiler_static_works=yes
lt_cv_prog_gnu_ld=yes
lt_cv_sys_global_symbol_pipe='sed -n -e '\''s/^.*[	 ]\([ABCDGIRSTW][ABCDGIRSTW]*\)[	 ][	 ]*\([_A-Za-z][_A-Za-z0-9]*\)$/\1 \2 \2/p'\'''
lt_cv_sys_global_symbol_to_c_name_address='sed -n -e '\''s/^: \([^ ]*\) $/  {\"\1\", (void *) 0},/p'\'' -e '\''s/^[ABCDGIRSTW]* \([^ ]*\) \([^ ]*\)$/  {"\2", (void *) \&\2},/p'\'''
lt_cv_sys_global_symbol_to_c_name_address_lib_prefix='sed -n -e '\''s/^: \([^ ]*\) $/  {\"\1\", (void *) 0},/p'\'' -e '\''s/^[ABCDGIRSTW]* \([^ ]*\) \(lib[^ ]*\)$/  {"\2", (void *) \&\2},/p'\'' -e '\''s/^[ABCDGIRSTW]* \([^ ]*\) \([^ ]*\)$/  {"lib\2", (void *) \&\2},/p'\'''
lt_cv_sys_global_symbol_to_cdecl='sed -n -e '\''s/^T .* \(.*\)$/extern int \1();/p'\'' -e '\''s/^[ABCDGIRSTW]* .* \(.*\)$/extern char \1;/p'\'''
lt_cv_sys_max_cmd_len=805306365

## ----------------- ##
## Output variables. ##
## ----------------- ##

ACLOCAL='${SHELL} /git/udp_svr/enet-1.3.3/missing --run aclocal-1.11'
AMDEPBACKSLASH='\'
AMDEP_FALSE='#'
AMDEP_TRUE=''
AMTAR='${SHELL} /git/udp_svr/enet-1.3.3/missing --run tar'
AR='ar'
AUTOCONF='${SHELL} /git/udp_svr/enet-1.3.3/missing --run autoconf'
AUTOHEADER='${SHELL} /git/udp_svr/enet-1.3.3/missing --run autoheader'
AUTOMAKE='${SHELL} /git/udp_svr/enet-1.3.3/missing --run automake-1.11'
AWK='gawk'
CC='gcc'
CCDEPMODE='depmode=gcc3'
CFLAGS='-g -O2'
CPP='gcc -E'
CPPFLAGS=''
CYGPATH_W='echo'
DEFS='-DPACKAGE_NAME=\"libenet\" -DPACKAGE_TARNAME=\"libenet\" -DPACKAGE_VERSION=\"1.3.3\" -DPACKAGE_STRING=\"libenet\ 1.3.3\" -DPACKAGE_BUGREPORT=\"\" -DPACKAGE_URL=\"\" -DPACKAGE=\"libenet\" -DVERSION=\"1.3.3\" -DSTDC_HEADERS=1 -DHAVE_SYS_TYPES_H=1 -DHAVE_SYS_STAT_H=1 -DHAVE_STDLIB_H=1 -DHAVE_STRING_H=1 -DHAVE_MEMORY_H=1 -DHAVE_STRINGS_H=1 -DHAVE_INTTYPES_H=1 -DHAVE_STDINT_H=1 -DHAVE_UNISTD_H=1 -DHAVE_DLFCN_H=1 -DLT_OBJDIR=\".libs/\" -DHAS_GETHOSTBYADDR_R=1 -DHAS_GETHOSTBYNAME_R=1 -DHAS_POLL=1 -DHAS_FCNTL=1 -DHAS_INET_PTON=1 -DHAS_INET_NTOP=1 -DHAS_MSGHDR_FLAGS=1 -DHAS_SOCKLEN_T=1'
DEPDIR='.deps'
DSYMUTIL=''
DUMPBIN=''
ECHO_C=''
ECHO_N='-n'
ECHO_T=''
EGREP='/bin/grep -E'
EXEEXT=''
FGREP='/bin/grep -F'
GREP='/bin/grep'
INSTALL_DATA='${INSTALL} -m 644'
INSTALL_PROGRAM='${INSTALL}'
INSTALL_SCRIPT='${INSTALL}'
INSTALL_STRIP_PROGRAM='$(install_sh) -c -s'
LD='/usr/bin/ld'
LDFLAGS=''
LIBOBJS=''
LIBS=''
LIBTOOL='$(SHELL) $(top_builddir)/libtool'
LIPO=''
LN_S='ln -s'
LTLIBOBJS=''
MAKEINFO='${SHELL} /git/udp_svr/enet-1.3.3/missing --run makeinfo'
MKDIR_P='/bin/mkdir -p'
NM='/usr/bin/nm -B'
NMEDIT=''
OBJDUMP='objdump'
OBJEXT='o'
OTOOL64=''
OTOOL=''
PACKAGE='libenet'
PACKAGE_BUGREPORT=''
PACKAGE_NAME='libenet'
PACKAGE_STRING='libenet 1.3.3'
PACKAGE_TARNAME='libenet'
PACKAGE_URL=''
PACKAGE_VERSION='1.3.3'
PATH_SEPARATOR=':'
RANLIB='ranlib'
SED='/bin/sed'
SET_MAKE=''
SHELL='/bin/bash'
STRIP='strip'
VERSION='1.3.3'
ac_ct_CC='gcc'
ac_ct_DUMPBIN=''
am__EXEEXT_FALSE=''
am__EXEEXT_TRUE='#'
am__fastdepCC_FALSE='#'
am__fastdepCC_TRUE=''
am__include='include'
am__isrc=''
am__leading_dot='.'
am__quote=''
am__tar='${AMTAR} chof - "$$tardir"'
am__untar='${AMTAR} xf -'
bindir='${exec_prefix}/bin'
build='i686-pc-linux-gnu'
build_alias=''
build_cpu='i686'
build_os='linux-gnu'
build_vendor='pc'
datadir='${datarootdir}'
datarootdir='${prefix}/share'
docdir='${datarootdir}/doc/${PACKAGE_TARNAME}'
dvidir='${docdir}'
exec_prefix='${prefix}'
host='i686-pc-linux-gnu'
host_alias=''
host_cpu='i686'
host_os='linux-gnu'
host_vendor='pc'
htmldir='${docdir}'
includedir='${prefix}/include'
infodir='${datarootdir}/info'
install_sh='${SHELL} /git/udp_svr/enet-1.3.3/install-sh'
libdir='${exec_prefix}/lib'
libexecdir='${exec_prefix}/libexec'
localedir='${datarootdir}/locale'
localstatedir='${prefix}/var'
lt_ECHO='echo'
mandir='${datarootdir}/man'
mkdir_p='/bin/mkdir -p'
oldincludedir='/usr/include'
pdfdir='${docdir}'
prefix='/usr/local'
program_transform_name='s,x,x,'
psdir='${docdir}'
sbindir='${exec_prefix}/sbin'
sharedstatedir='${prefix}/com'
sysconfdir='${prefix}/etc'
target_alias=''

## ----------- ##
## confdefs.h. ##
## ----------- ##

/* confdefs.h */
#define PACKAGE_NAME "libenet"
#define PACKAGE_TARNAME "libenet"
#define PACKAGE_VERSION "1.3.3"
#define PACKAGE_STRING "libenet 1.3.3"
#define PACKAGE_BUGREPORT ""
#define PACKAGE_URL ""
#define PACKAGE "libenet"
#define VERSION "1.3.3"
#define STDC_HEADERS 1
#define HAVE_SYS_TYPES_H 1
#define HAVE_SYS_STAT_H 1
#define HAVE_STDLIB_H 1
#define HAVE_STRING_H 1
#define HAVE_MEMORY_H 1
#define HAVE_STRINGS_H 1
#define HAVE_INTTYPES_H 1
#define HAVE_STDINT_H 1
#define HAVE_UNISTD_H 1
#define HAVE_DLFCN_H 1
#define LT_OBJDIR ".libs/"
#define HAS_GETHOSTBYADDR_R 1
#define HAS_GETHOSTBYNAME_R 1
#define HAS_POLL 1
#define HAS_FCNTL 1
#define HAS_INET_PTON 1
#define HAS_INET_NTOP 1
#define HAS_MSGHDR_FLAGS 1
#define HAS_SOCKLEN_T 1

configure: exit 0

## ---------------------- ##
## Running config.status. ##
## ---------------------- ##

This file was extended by libenet config.status 1.3.3, which was
generated by GNU Autoconf 2.65.  Invocation command line was

  CONFIG_FILES    = 
  CONFIG_HEADERS  = 
  CONFIG_LINKS    = 
  CONFIG_COMMANDS = 
  $ ./config.status 

on ubuntu

config.status:986: creating Makefile
config.status:986: creating libenet.pc
config.status:1149: executing depfiles commands
config.status:1149: executing libtool commands
